<?xml version="1.0" encoding="UTF-8"?>
<testng-results skipped="0" failed="0" total="3" passed="3">
  <reporter-output>
  </reporter-output>
  <suite name="Default suite" duration-ms="4169" started-at="2020-07-15T06:28:33Z" finished-at="2020-07-15T06:28:38Z">
    <groups>
    </groups>
    <test name="Default test" duration-ms="4169" started-at="2020-07-15T06:28:33Z" finished-at="2020-07-15T06:28:38Z">
      <class name="getRequest.GetData">
        <test-method status="PASS" signature="testResponseergast()[pri:0, instance:getRequest.GetData@6574b225]" name="testResponseergast" duration-ms="2230" started-at="2020-07-15T11:58:33Z" finished-at="2020-07-15T11:58:36Z">
          <reporter-output>
          </reporter-output>
        </test-method> <!-- testResponseergast -->
        <test-method status="PASS" signature="test_NumberOfCircuits_ShouldBe20_Parameterized()[pri:0, instance:getRequest.GetData@6574b225]" name="test_NumberOfCircuits_ShouldBe20_Parameterized" duration-ms="1154" started-at="2020-07-15T11:58:36Z" finished-at="2020-07-15T11:58:37Z">
          <reporter-output>
          </reporter-output>
        </test-method> <!-- test_NumberOfCircuits_ShouldBe20_Parameterized -->
        <test-method status="PASS" signature="test_ScenarioRetrieveFirstCircuitFor2017SeasonAndGetCountry_ShouldBeAustralia()[pri:0, instance:getRequest.GetData@6574b225]" name="test_ScenarioRetrieveFirstCircuitFor2017SeasonAndGetCountry_ShouldBeAustralia" duration-ms="765" started-at="2020-07-15T11:58:37Z" finished-at="2020-07-15T11:58:38Z">
          <reporter-output>
          </reporter-output>
        </test-method> <!-- test_ScenarioRetrieveFirstCircuitFor2017SeasonAndGetCountry_ShouldBeAustralia -->
      </class> <!-- getRequest.GetData -->
    </test> <!-- Default test -->
  </suite> <!-- Default suite -->
</testng-results>
