<?xml version="1.0" encoding="UTF-8"?>
<!-- Generated by org.testng.reporters.JUnitXMLReporter -->
<testsuite hostname="NTINLTP2001285" name="Default test" tests="3" failures="0" timestamp="15 Jul 2020 06:28:38 GMT" time="4.169" errors="0">
  <testcase name="testResponseergast" time="2.23" classname="getRequest.GetData"/>
  <testcase name="test_NumberOfCircuits_ShouldBe20_Parameterized" time="1.154" classname="getRequest.GetData"/>
  <testcase name="test_ScenarioRetrieveFirstCircuitFor2017SeasonAndGetCountry_ShouldBeAustralia" time="0.765" classname="getRequest.GetData"/>
</testsuite> <!-- Default test -->
